<?xml version="1.0" encoding="UTF-8"?>
<!-- Generated by org.testng.reporters.JUnitReportReporter -->
<testsuite hostname="DESKTOP-EI4D21P" failures="0" tests="1" name="wingifyAssignmentTest.WingifyTestCase_01" time="37.741" errors="0" timestamp="2024-05-25T14:36:16 IST" skipped="0">
  <testcase classname="wingifyAssignmentTest.WingifyTestCase_01" name="launchingandlogin" time="37.741"/>
  <system-out/>
</testsuite> <!-- wingifyAssignmentTest.WingifyTestCase_01 -->
