<?xml version="1.0" encoding="UTF-8"?>
<!-- Generated by org.testng.reporters.JUnitReportReporter -->
<testsuite hostname="DESKTOP-EI4D21P" failures="0" tests="1" name="wingifyAssignmentTest.WingifyTestCase02" time="27.744" errors="0" timestamp="2024-05-25T14:36:16 IST" skipped="0">
  <testcase classname="wingifyAssignmentTest.WingifyTestCase02" name="launchinghomepageafterlogin" time="27.744"/>
  <system-out/>
</testsuite> <!-- wingifyAssignmentTest.WingifyTestCase02 -->
